<?xml version="1.0" encoding="UTF-8"?>
<testng-results ignored="0" total="2" passed="2" failed="0" skipped="0">
  <reporter-output>
  </reporter-output>
  <suite started-at="2023-09-30T19:42:13 PDT" name="Default suite" finished-at="2023-09-30T19:42:31 PDT" duration-ms="17599">
    <groups>
    </groups>
    <test started-at="2023-09-30T19:42:13 PDT" name="Default test" finished-at="2023-09-30T19:42:31 PDT" duration-ms="17599">
      <class name="Fileupload_Test.Upload_Test">
        <test-method is-config="true" signature="openBrowser()[pri:0, instance:Fileupload_Test.Upload_Test@27406a17]" started-at="2023-09-30T19:42:13 PDT" name="openBrowser" finished-at="2023-09-30T19:42:27 PDT" duration-ms="13627" status="PASS">
          <reporter-output>
          </reporter-output>
        </test-method> <!-- openBrowser -->
        <test-method is-config="true" signature="clickbutton()[pri:0, instance:Fileupload_Test.Upload_Test@27406a17]" started-at="2023-09-30T19:42:27 PDT" name="clickbutton" finished-at="2023-09-30T19:42:27 PDT" duration-ms="1" status="PASS">
          <reporter-output>
          </reporter-output>
        </test-method> <!-- clickbutton -->
        <test-method signature="selectpdf()[pri:1, instance:Fileupload_Test.Upload_Test@27406a17]" started-at="2023-09-30T19:42:27 PDT" name="selectpdf" finished-at="2023-09-30T19:42:29 PDT" duration-ms="2630" status="PASS">
          <reporter-output>
          </reporter-output>
        </test-method> <!-- selectpdf -->
        <test-method is-config="true" signature="clickbutton()[pri:0, instance:Fileupload_Test.Upload_Test@27406a17]" started-at="2023-09-30T19:42:29 PDT" name="clickbutton" finished-at="2023-09-30T19:42:29 PDT" duration-ms="1" status="PASS">
          <reporter-output>
          </reporter-output>
        </test-method> <!-- clickbutton -->
        <test-method signature="clcikdownloadword()[pri:2, instance:Fileupload_Test.Upload_Test@27406a17]" started-at="2023-09-30T19:42:29 PDT" name="clcikdownloadword" finished-at="2023-09-30T19:42:31 PDT" duration-ms="1247" status="PASS">
          <reporter-output>
          </reporter-output>
        </test-method> <!-- clcikdownloadword -->
      </class> <!-- Fileupload_Test.Upload_Test -->
    </test> <!-- Default test -->
  </suite> <!-- Default suite -->
</testng-results>
